<?xml version="1.0" encoding="UTF-8"?>
<!-- Generated by org.testng.reporters.JUnitReportReporter -->
<testsuite hostname="IBM-346GDN3" failures="0" tests="1" name="excelFileExample.RegisterStudentExcelTest" time="192.414" errors="0" timestamp="2022-12-07T12:56:53 IST" skipped="0">
  <testcase classname="excelFileExample.RegisterStudentExcelTest" name="RegistrationDataDrivernTest" time="192.414"/>
</testsuite> <!-- excelFileExample.RegisterStudentExcelTest -->
