<?xml version="1.0" encoding="UTF-8"?>
<!-- Generated by org.testng.reporters.JUnitReportReporter -->
<testsuite hostname="IBM-346GDN3" failures="0" tests="1" name="ControlExamples.DragAndDrop" time="0.539" errors="0" timestamp="2022-12-02T12:26:19 IST" skipped="0">
  <testcase classname="ControlExamples.DragAndDrop" name="DragAndDropTest" time="0.539"/>
</testsuite> <!-- ControlExamples.DragAndDrop -->
