<?xml version="1.0" encoding="UTF-8"?>
<!-- Generated by org.testng.reporters.JUnitReportReporter -->
<testsuite hostname="IBM-346GDN3" failures="0" tests="2" name="ControlExamples.SelectControl" time="14.482" errors="0" timestamp="2022-11-30T23:45:50 IST" skipped="0">
  <testcase classname="ControlExamples.SelectControl" name="handlelist2" time="7.233"/>
  <testcase classname="ControlExamples.SelectControl" name="selectExample" time="7.249"/>
</testsuite> <!-- ControlExamples.SelectControl -->
