<?xml version="1.0" encoding="UTF-8"?>
<!-- Generated by org.testng.reporters.JUnitReportReporter -->
<testsuite hostname="IBM-346GDN3" failures="0" tests="2" name="com.nopcomm.SelectControl" time="8.570" errors="0" timestamp="2022-11-30T12:11:34 IST" skipped="0">
  <testcase classname="com.nopcomm.SelectControl" name="handlelist2" time="4.282"/>
  <testcase classname="com.nopcomm.SelectControl" name="selectExample" time="4.288"/>
</testsuite> <!-- com.nopcomm.SelectControl -->
