<?xml version="1.0" encoding="UTF-8"?>
<!-- Generated by org.testng.reporters.JUnitReportReporter -->
<testsuite hostname="IBM-346GDN3" failures="0" tests="1" name="takeScreenshot.AmazonScreenshot" time="3.055" errors="0" timestamp="2022-12-06T22:24:37 IST" skipped="0">
  <testcase classname="takeScreenshot.AmazonScreenshot" name="verifyWishlist" time="3.055"/>
</testsuite> <!-- takeScreenshot.AmazonScreenshot -->
