<?xml version="1.0" encoding="UTF-8"?>
<!-- Generated by org.testng.reporters.JUnitReportReporter -->
<testsuite hostname="IBM-346GDN3" failures="0" tests="1" name="com.nopcomm.Amazon" time="12.308" errors="0" timestamp="2022-12-05T11:26:11 IST" skipped="0">
  <testcase classname="com.nopcomm.Amazon" name="amazonx" time="12.308"/>
</testsuite> <!-- com.nopcomm.Amazon -->
