<?xml version="1.0" encoding="UTF-8"?>
<!-- Generated by org.testng.reporters.JUnitReportReporter -->
<testsuite hostname="IBM-346GDN3" failures="0" tests="3" name="ControlExamples.AlertHandling" time="17.308" errors="0" timestamp="2022-11-30T23:45:50 IST" skipped="0">
  <testcase classname="ControlExamples.AlertHandling" name="HandleSimpleAlert" time="6.118"/>
  <testcase classname="ControlExamples.AlertHandling" name="HandleConfirmAlert" time="3.103"/>
  <testcase classname="ControlExamples.AlertHandling" name="HandlePromptAlert" time="8.087"/>
</testsuite> <!-- ControlExamples.AlertHandling -->
