<?xml version="1.0" encoding="UTF-8"?>
<!-- Generated by org.testng.reporters.JUnitReportReporter -->
<testsuite hostname="IBM-346GDN3" failures="0" tests="4" name="TestNGControls.TestNGPriorities" time="0.014" errors="0" timestamp="2022-11-30T11:40:00 IST" skipped="0">
  <testcase classname="TestNGControls.TestNGPriorities" name="login" time="0.011"/>
  <testcase classname="TestNGControls.TestNGPriorities" name="payment" time="0.001"/>
  <testcase classname="TestNGControls.TestNGPriorities" name="addItems" time="0.001"/>
  <testcase classname="TestNGControls.TestNGPriorities" name="logout" time="0.001"/>
</testsuite> <!-- TestNGControls.TestNGPriorities -->
