<?xml version="1.0" encoding="UTF-8"?>
<!-- Generated by org.testng.reporters.JUnitReportReporter -->
<testsuite hostname="IBM-346GDN3" failures="0" tests="1" name="com.nopcomm.GoogleTest" time="4.209" errors="0" timestamp="2022-12-01T12:45:50 IST" skipped="0">
  <testcase classname="com.nopcomm.GoogleTest" name="googleSearch" time="4.209"/>
</testsuite> <!-- com.nopcomm.GoogleTest -->
