<?xml version="1.0" encoding="UTF-8"?>
<!-- Generated by org.testng.reporters.JUnitReportReporter -->
<testsuite hostname="IBM-346GDN3" failures="0" tests="1" name="ControlExamples.ActionsControl" time="0.324" errors="0" timestamp="2022-12-02T12:04:51 IST" skipped="0">
  <testcase classname="ControlExamples.ActionsControl" name="verifyRightClickTest" time="0.324"/>
</testsuite> <!-- ControlExamples.ActionsControl -->
