<?xml version="1.0" encoding="UTF-8"?>
<!-- Generated by org.testng.reporters.JUnitReportReporter -->
<testsuite hostname="IBM-346GDN3" failures="0" tests="1" name="nopCommLog4J.NopComm" time="14.128" errors="0" timestamp="2022-12-12T11:33:56 IST" skipped="0">
  <testcase classname="nopCommLog4J.NopComm" name="verifyLogin" time="14.128"/>
</testsuite> <!-- nopCommLog4J.NopComm -->
