<?xml version="1.0" encoding="UTF-8"?>
<!-- Generated by org.testng.reporters.JUnitReportReporter -->
<testsuite hostname="IBM-346GDN3" failures="0" tests="2" name="TestNGControls.TestNGannotations" time="0.013" errors="0" timestamp="2022-11-30T23:43:34 IST" skipped="0">
  <testcase classname="TestNGControls.TestNGannotations" name="login" time="0.009"/>
  <testcase classname="TestNGControls.TestNGannotations" name="logout" time="0.004"/>
</testsuite> <!-- TestNGControls.TestNGannotations -->
