<?xml version="1.0" encoding="UTF-8"?>
<!-- Generated by org.testng.reporters.JUnitReportReporter -->
<testsuite hostname="IBM-346GDN3" failures="0" tests="2" name="com.nopcomm.NopComm" time="24.617" errors="0" timestamp="2022-12-02T00:00:02 IST" skipped="0">
  <testcase classname="com.nopcomm.NopComm" name="verifyLogin" time="12.643"/>
  <testcase classname="com.nopcomm.NopComm" name="verifyLogin" time="11.974"/>
</testsuite> <!-- com.nopcomm.NopComm -->
