<?xml version="1.0" encoding="UTF-8"?>
<!-- Generated by org.testng.reporters.JUnitReportReporter -->
<testsuite hostname="IBM-346GDN3" failures="0" tests="2" name="ControlExamples.SelectControl" time="0.000" errors="0" timestamp="2022-12-05T23:19:37 IST" skipped="2">
  <testcase classname="ControlExamples.SelectControl" name="handlelist2" time="0.000">
    <skipped/>
  </testcase> <!-- handlelist2 -->
  <testcase classname="ControlExamples.SelectControl" name="selectExample" time="0.000">
    <skipped/>
  </testcase> <!-- selectExample -->
</testsuite> <!-- ControlExamples.SelectControl -->
