<?xml version="1.0" encoding="UTF-8"?>
<!-- Generated by org.testng.reporters.JUnitReportReporter -->
<testsuite hostname="IBM-346GDN3" failures="0" tests="1" name="nopCommLog4J.NopComm" time="12.174" errors="0" timestamp="2022-12-08T13:23:55 IST" skipped="0">
  <testcase classname="nopCommLog4J.NopComm" name="verifyLogin" time="12.174"/>
</testsuite> <!-- nopCommLog4J.NopComm -->
